     1                                  bits 32 ; assembling for the 32 bits architecture
     2                                  
     3                                  ; declare the EntryPoint (a label defining the very first instruction of the program)
     4                                  global start        
     5                                  
     6                                  ; declare external functions needed by our program
     7                                  extern exit               ; tell nasm that exit exists even if we won't be defining it
     8                                  import exit msvcrt.dll    ; exit is a function that ends the calling process. It is defined in msvcrt.dll
     9                                                            ; msvcrt.dll contains exit, printf and all the other important C-runtime specific functions
    10                                  
    11                                  ; our data is declared here (the variables needed by our program)
    12                                  segment data use32 class=data
    13                                      ; ...
    14 00000000 15                          a db 15h
    15 00000001 25                          b db 25h
    16 00000002 11                          c db 11h
    17 00000003 5002                        d dw 250h
    18                                  
    19                                  ; our code starts here
    20                                  segment code use32 class=code
    21                                      start:
    22                                          ; ...
    23                                          ; d/[(a+b)-(c+c)]
    24 00000000 8A1D[00000000]                  mov BL, [a]
    25 00000006 021D[01000000]                  add BL, [b]
    26 0000000C A0[02000000]                    mov AL, [c]
    27 00000011 0205[02000000]                  add AL, [c]
    28 00000017 28C3                            sub BL, AL
    29 00000019 66A1[03000000]                  mov AX, [d]
    30 0000001F F6F3                            div BL
    31                                      
    32                                          ; exit(0)
    33 00000021 6A00                            push    dword 0      ; push the parameter for exit onto the stack
    34 00000023 FF15[00000000]                  call    [exit]       ; call exit to terminate the program
